2022-09-03 10:44:50,399:INFO:PyCaret Supervised Module
2022-09-03 10:44:50,400:INFO:ML Usecase: classification
2022-09-03 10:44:50,400:INFO:version 2.3.10
2022-09-03 10:44:50,400:INFO:Initializing setup()
2022-09-03 10:44:50,400:INFO:setup(target=['Class variable'], ml_usecase=classification, available_plots={'parameter': 'Hyperparameters', 'auc': 'AUC', 'confusion_matrix': 'Confusion Matrix', 'threshold': 'Threshold', 'pr': 'Precision Recall', 'error': 'Prediction Error', 'class_report': 'Class Report', 'rfe': 'Feature Selection', 'learning': 'Learning Curve', 'manifold': 'Manifold Learning', 'calibration': 'Calibration Curve', 'vc': 'Validation Curve', 'dimension': 'Dimensions', 'feature': 'Feature Importance', 'feature_all': 'Feature Importance (All)', 'boundary': 'Decision Boundary', 'lift': 'Lift Chart', 'gain': 'Gain Chart', 'tree': 'Decision Tree', 'ks': 'KS Statistic Plot'}, train_size=0.7, test_data=None, preprocess=True, imputation_type=simple, iterative_imputation_iters=5, categorical_features=None, categorical_imputation=constant, categorical_iterative_imputer=lightgbm, ordinal_features=None, high_cardinality_features=None, high_cardinality_method=frequency, numeric_features=None, numeric_imputation=mean, numeric_iterative_imputer=lightgbm, date_features=None, ignore_features=None, normalize=False, normalize_method=zscore, transformation=False, transformation_method=yeo-johnson, handle_unknown_categorical=True, unknown_categorical_method=least_frequent, pca=False, pca_method=linear, pca_components=None, ignore_low_variance=False, combine_rare_levels=False, rare_level_threshold=0.1, bin_numeric_features=None, remove_outliers=False, outliers_threshold=0.05, remove_multicollinearity=False, multicollinearity_threshold=0.9, remove_perfect_collinearity=True, create_clusters=False, cluster_iter=20, polynomial_features=False, polynomial_degree=2, trigonometry_features=False, polynomial_threshold=0.1, group_features=None, group_names=None, feature_selection=False, feature_selection_threshold=0.8, feature_selection_method=classic, feature_interaction=False, feature_ratio=False, interaction_threshold=0.01, fix_imbalance=False, fix_imbalance_method=None, transform_target=False, transform_target_method=box-cox, data_split_shuffle=True, data_split_stratify=False, fold_strategy=stratifiedkfold, fold=10, fold_shuffle=False, fold_groups=None, n_jobs=-1, use_gpu=False, custom_pipeline=None, html=True, session_id=None, log_experiment=False, experiment_name=None, experiment_custom_tags=None, log_plots=False, log_profile=False, log_data=False, silent=True, verbose=True, profile=False, profile_kwargs=None, display=None)
2022-09-03 10:44:50,400:INFO:Checking environment
2022-09-03 10:44:50,400:INFO:python_version: 3.7.13
2022-09-03 10:44:50,400:INFO:python_build: ('default', 'Mar 16 2022 17:35:37')
2022-09-03 10:44:50,400:INFO:machine: x86_64
2022-09-03 10:44:50,400:INFO:platform: Linux-5.15.0-46-generic-x86_64-with-Ubuntu-20.04-focal
2022-09-03 10:44:50,400:INFO:Memory: svmem(total=16596545536, available=5723758592, percent=65.5, used=9904910336, free=1034739712, active=2856546304, inactive=10383319040, buffers=504090624, cached=5152804864, shared=683507712, slab=1504559104)
2022-09-03 10:44:50,401:INFO:Physical Core: 8
2022-09-03 10:44:50,402:INFO:Logical Core: 16
2022-09-03 10:44:50,402:INFO:Checking libraries
2022-09-03 10:44:50,402:INFO:pd==1.3.5
2022-09-03 10:44:50,402:INFO:numpy==1.19.5
2022-09-03 10:44:50,402:INFO:sklearn==0.23.2
2022-09-03 10:44:50,402:INFO:lightgbm==3.3.2
2022-09-03 10:44:50,402:WARNING:catboost not found
2022-09-03 10:44:50,402:WARNING:xgboost not found
2022-09-03 10:44:50,402:INFO:mlflow==1.28.0
2022-09-03 10:44:50,402:INFO:Checking Exceptions
2022-09-03 10:45:32,423:INFO:PyCaret Supervised Module
2022-09-03 10:45:32,423:INFO:ML Usecase: classification
2022-09-03 10:45:32,423:INFO:version 2.3.10
2022-09-03 10:45:32,424:INFO:Initializing setup()
2022-09-03 10:45:32,424:INFO:setup(target=['Class variable'], ml_usecase=classification, available_plots={'parameter': 'Hyperparameters', 'auc': 'AUC', 'confusion_matrix': 'Confusion Matrix', 'threshold': 'Threshold', 'pr': 'Precision Recall', 'error': 'Prediction Error', 'class_report': 'Class Report', 'rfe': 'Feature Selection', 'learning': 'Learning Curve', 'manifold': 'Manifold Learning', 'calibration': 'Calibration Curve', 'vc': 'Validation Curve', 'dimension': 'Dimensions', 'feature': 'Feature Importance', 'feature_all': 'Feature Importance (All)', 'boundary': 'Decision Boundary', 'lift': 'Lift Chart', 'gain': 'Gain Chart', 'tree': 'Decision Tree', 'ks': 'KS Statistic Plot'}, train_size=0.7, test_data=None, preprocess=True, imputation_type=simple, iterative_imputation_iters=5, categorical_features=None, categorical_imputation=constant, categorical_iterative_imputer=lightgbm, ordinal_features=None, high_cardinality_features=None, high_cardinality_method=frequency, numeric_features=None, numeric_imputation=mean, numeric_iterative_imputer=lightgbm, date_features=None, ignore_features=None, normalize=False, normalize_method=zscore, transformation=False, transformation_method=yeo-johnson, handle_unknown_categorical=True, unknown_categorical_method=least_frequent, pca=False, pca_method=linear, pca_components=None, ignore_low_variance=False, combine_rare_levels=False, rare_level_threshold=0.1, bin_numeric_features=None, remove_outliers=False, outliers_threshold=0.05, remove_multicollinearity=False, multicollinearity_threshold=0.9, remove_perfect_collinearity=True, create_clusters=False, cluster_iter=20, polynomial_features=False, polynomial_degree=2, trigonometry_features=False, polynomial_threshold=0.1, group_features=None, group_names=None, feature_selection=False, feature_selection_threshold=0.8, feature_selection_method=classic, feature_interaction=False, feature_ratio=False, interaction_threshold=0.01, fix_imbalance=False, fix_imbalance_method=None, transform_target=False, transform_target_method=box-cox, data_split_shuffle=True, data_split_stratify=False, fold_strategy=stratifiedkfold, fold=10, fold_shuffle=False, fold_groups=None, n_jobs=-1, use_gpu=False, custom_pipeline=None, html=True, session_id=None, log_experiment=False, experiment_name=None, experiment_custom_tags=None, log_plots=False, log_profile=False, log_data=False, silent=True, verbose=True, profile=False, profile_kwargs=None, display=None)
2022-09-03 10:45:32,424:INFO:Checking environment
2022-09-03 10:45:32,424:INFO:python_version: 3.7.13
2022-09-03 10:45:32,424:INFO:python_build: ('default', 'Mar 16 2022 17:35:37')
2022-09-03 10:45:32,424:INFO:machine: x86_64
2022-09-03 10:45:32,424:INFO:platform: Linux-5.15.0-46-generic-x86_64-with-Ubuntu-20.04-focal
2022-09-03 10:45:32,424:INFO:Memory: svmem(total=16596545536, available=5750542336, percent=65.4, used=9887764480, free=1038995456, active=2873987072, inactive=10377023488, buffers=504315904, cached=5165469696, shared=677474304, slab=1504329728)
2022-09-03 10:45:32,426:INFO:Physical Core: 8
2022-09-03 10:45:32,426:INFO:Logical Core: 16
2022-09-03 10:45:32,426:INFO:Checking libraries
2022-09-03 10:45:32,426:INFO:pd==1.3.5
2022-09-03 10:45:32,426:INFO:numpy==1.19.5
2022-09-03 10:45:32,426:INFO:sklearn==0.23.2
2022-09-03 10:45:32,426:INFO:lightgbm==3.3.2
2022-09-03 10:45:32,426:WARNING:catboost not found
2022-09-03 10:45:32,426:WARNING:xgboost not found
2022-09-03 10:45:32,426:INFO:mlflow==1.28.0
2022-09-03 10:45:32,427:INFO:Checking Exceptions
2022-09-03 10:46:42,885:INFO:PyCaret Supervised Module
2022-09-03 10:46:42,885:INFO:ML Usecase: classification
2022-09-03 10:46:42,885:INFO:version 2.3.10
2022-09-03 10:46:42,885:INFO:Initializing setup()
2022-09-03 10:46:42,885:INFO:setup(target=Class variable, ml_usecase=classification, available_plots={'parameter': 'Hyperparameters', 'auc': 'AUC', 'confusion_matrix': 'Confusion Matrix', 'threshold': 'Threshold', 'pr': 'Precision Recall', 'error': 'Prediction Error', 'class_report': 'Class Report', 'rfe': 'Feature Selection', 'learning': 'Learning Curve', 'manifold': 'Manifold Learning', 'calibration': 'Calibration Curve', 'vc': 'Validation Curve', 'dimension': 'Dimensions', 'feature': 'Feature Importance', 'feature_all': 'Feature Importance (All)', 'boundary': 'Decision Boundary', 'lift': 'Lift Chart', 'gain': 'Gain Chart', 'tree': 'Decision Tree', 'ks': 'KS Statistic Plot'}, train_size=0.7, test_data=None, preprocess=True, imputation_type=simple, iterative_imputation_iters=5, categorical_features=None, categorical_imputation=constant, categorical_iterative_imputer=lightgbm, ordinal_features=None, high_cardinality_features=None, high_cardinality_method=frequency, numeric_features=None, numeric_imputation=mean, numeric_iterative_imputer=lightgbm, date_features=None, ignore_features=None, normalize=False, normalize_method=zscore, transformation=False, transformation_method=yeo-johnson, handle_unknown_categorical=True, unknown_categorical_method=least_frequent, pca=False, pca_method=linear, pca_components=None, ignore_low_variance=False, combine_rare_levels=False, rare_level_threshold=0.1, bin_numeric_features=None, remove_outliers=False, outliers_threshold=0.05, remove_multicollinearity=False, multicollinearity_threshold=0.9, remove_perfect_collinearity=True, create_clusters=False, cluster_iter=20, polynomial_features=False, polynomial_degree=2, trigonometry_features=False, polynomial_threshold=0.1, group_features=None, group_names=None, feature_selection=False, feature_selection_threshold=0.8, feature_selection_method=classic, feature_interaction=False, feature_ratio=False, interaction_threshold=0.01, fix_imbalance=False, fix_imbalance_method=None, transform_target=False, transform_target_method=box-cox, data_split_shuffle=True, data_split_stratify=False, fold_strategy=stratifiedkfold, fold=10, fold_shuffle=False, fold_groups=None, n_jobs=-1, use_gpu=False, custom_pipeline=None, html=True, session_id=None, log_experiment=False, experiment_name=None, experiment_custom_tags=None, log_plots=False, log_profile=False, log_data=False, silent=True, verbose=True, profile=False, profile_kwargs=None, display=None)
2022-09-03 10:46:42,886:INFO:Checking environment
2022-09-03 10:46:42,886:INFO:python_version: 3.7.13
2022-09-03 10:46:42,886:INFO:python_build: ('default', 'Mar 16 2022 17:35:37')
2022-09-03 10:46:42,886:INFO:machine: x86_64
2022-09-03 10:46:42,886:INFO:platform: Linux-5.15.0-46-generic-x86_64-with-Ubuntu-20.04-focal
2022-09-03 10:46:42,886:INFO:Memory: svmem(total=16596545536, available=5756112896, percent=65.3, used=9882361856, free=1043816448, active=2875162624, inactive=10376585216, buffers=504557568, cached=5165809664, shared=677474304, slab=1503899648)
2022-09-03 10:46:42,887:INFO:Physical Core: 8
2022-09-03 10:46:42,887:INFO:Logical Core: 16
2022-09-03 10:46:42,888:INFO:Checking libraries
2022-09-03 10:46:42,888:INFO:pd==1.3.5
2022-09-03 10:46:42,888:INFO:numpy==1.19.5
2022-09-03 10:46:42,888:INFO:sklearn==0.23.2
2022-09-03 10:46:42,888:INFO:lightgbm==3.3.2
2022-09-03 10:46:42,888:WARNING:catboost not found
2022-09-03 10:46:42,888:WARNING:xgboost not found
2022-09-03 10:46:42,888:INFO:mlflow==1.28.0
2022-09-03 10:46:42,888:INFO:Checking Exceptions
2022-09-03 10:46:42,888:INFO:Declaring global variables
2022-09-03 10:46:42,888:INFO:USI: dc1c
2022-09-03 10:46:42,889:INFO:pycaret_globals: {'_all_metrics', '_all_models_internal', 'exp_name_log', 'iterative_imputation_iters_param', 'fix_imbalance_param', 'html_param', 'n_jobs_param', 'master_model_container', 'USI', 'imputation_classifier', 'stratify_param', 'experiment__', 'dashboard_logger', 'fix_imbalance_method_param', 'fold_shuffle_param', '_gpu_n_jobs_param', '_available_plots', 'log_plots_param', 'target_param', 'transform_target_param', 'create_model_container', 'imputation_regressor', 'y_test', 'display_container', '_internal_pipeline', 'fold_generator', 'fold_groups_param_full', 'fold_param', 'transform_target_method_param', 'pycaret_globals', 'logging_param', 'X', '_ml_usecase', 'gpu_param', '_all_models', 'y_train', 'fold_groups_param', 'X_test', 'prep_pipe', 'seed', 'data_before_preprocess', 'X_train', 'y'}
2022-09-03 10:46:42,889:INFO:Preparing display monitor
2022-09-03 10:46:42,889:INFO:Preparing display monitor
2022-09-03 10:46:42,897:INFO:Importing libraries
2022-09-03 10:46:42,898:INFO:Copying data for preprocessing
2022-09-03 10:46:42,901:INFO:Declaring preprocessing parameters
2022-09-03 10:46:42,902:INFO:Creating preprocessing pipeline
2022-09-03 10:46:42,908:INFO:Preprocessing pipeline created successfully
2022-09-03 10:46:42,908:ERROR:(Process Exit): setup has been interupted with user command 'quit'. setup must rerun.
2022-09-03 10:46:42,908:INFO:Creating global containers
2022-09-03 10:46:42,908:INFO:Internal pipeline: Pipeline(memory=None, steps=[('empty_step', 'passthrough')], verbose=False)
2022-09-03 10:46:43,169:WARNING:Couldn't import xgboost.XGBClassifier
2022-09-03 10:46:43,170:WARNING:Couldn't import catboost.CatBoostClassifier
2022-09-03 10:46:43,263:WARNING:Couldn't import xgboost.XGBClassifier
2022-09-03 10:46:43,264:WARNING:Couldn't import catboost.CatBoostClassifier
2022-09-03 10:46:43,264:INFO:Creating grid variables
2022-09-03 10:46:43,267:INFO:create_model_container: 0
2022-09-03 10:46:43,267:INFO:master_model_container: 0
2022-09-03 10:46:43,267:INFO:display_container: 1
2022-09-03 10:46:43,273:INFO:Pipeline(memory=None,
         steps=[('dtypes',
                 DataTypes_Auto_infer(categorical_features=[],
                                      display_types=False, features_todrop=[],
                                      id_columns=[],
                                      ml_usecase='classification',
                                      numerical_features=[],
                                      target='Class variable',
                                      time_features=[])),
                ('imputer',
                 Simple_Imputer(categorical_strategy='not_available',
                                fill_value_categorical=None,
                                fill_value_numerical=None,
                                numer...
                ('scaling', 'passthrough'), ('P_transform', 'passthrough'),
                ('binn', 'passthrough'), ('rem_outliers', 'passthrough'),
                ('cluster_all', 'passthrough'),
                ('dummy', Dummify(target='Class variable')),
                ('fix_perfect', Remove_100(target='Class variable')),
                ('clean_names', Clean_Colum_Names()),
                ('feature_select', 'passthrough'), ('fix_multi', 'passthrough'),
                ('dfs', 'passthrough'), ('pca', 'passthrough')],
         verbose=False)
2022-09-03 10:46:43,273:INFO:setup() succesfully completed......................................
2022-09-03 10:46:43,329:INFO:Initializing compare_models()
2022-09-03 10:46:43,329:INFO:compare_models(include=None, fold=None, round=4, cross_validation=True, sort=Accuracy, n_select=1, budget_time=None, turbo=True, errors=ignore, fit_kwargs=None, groups=None, experiment_custom_tags=None, probability_threshold=None, verbose=True, display=None, exclude=None)
2022-09-03 10:46:43,329:INFO:Checking exceptions
2022-09-03 10:46:43,330:INFO:Preparing display monitor
2022-09-03 10:46:43,330:INFO:Preparing display monitor
2022-09-03 10:46:43,344:INFO:Initializing Logistic Regression
2022-09-03 10:46:43,344:INFO:Total runtime is 1.5576680501302083e-06 minutes
2022-09-03 10:46:43,347:INFO:SubProcess create_model() called ==================================
2022-09-03 10:46:43,348:INFO:Initializing create_model()
2022-09-03 10:46:43,348:INFO:create_model(estimator=lr, fold=StratifiedKFold(n_splits=10, random_state=None, shuffle=False), round=4, cross_validation=True, predict=True, fit_kwargs={}, groups=None, refit=False, verbose=False, system=False, metrics=None, experiment_custom_tags=None, add_to_model_list=True, probability_threshold=None, display=<pycaret.internal.Display.Display object at 0x7fb412a6b790>, return_train_score=False, kwargs={})
2022-09-03 10:46:43,348:INFO:Checking exceptions
2022-09-03 10:46:43,348:INFO:Importing libraries
2022-09-03 10:46:43,348:INFO:Copying training dataset
2022-09-03 10:46:43,348:INFO:Defining folds
2022-09-03 10:46:43,348:INFO:Declaring metric variables
2022-09-03 10:46:43,351:INFO:Importing untrained model
2022-09-03 10:46:43,355:INFO:Logistic Regression Imported succesfully
2022-09-03 10:46:43,361:INFO:Starting cross validation
2022-09-03 10:46:43,361:INFO:Cross validating with StratifiedKFold(n_splits=10, random_state=None, shuffle=False), n_jobs=-1
2022-09-03 10:46:47,115:INFO:Calculating mean and std
2022-09-03 10:46:47,116:INFO:Creating metrics dataframe
2022-09-03 10:46:47,123:INFO:Uploading results into container
2022-09-03 10:46:47,123:INFO:Uploading model into container now
2022-09-03 10:46:47,123:INFO:create_model_container: 1
2022-09-03 10:46:47,123:INFO:master_model_container: 1
2022-09-03 10:46:47,123:INFO:display_container: 2
2022-09-03 10:46:47,123:INFO:LogisticRegression(C=1.0, class_weight=None, dual=False, fit_intercept=True,
                   intercept_scaling=1, l1_ratio=None, max_iter=1000,
                   multi_class='auto', n_jobs=None, penalty='l2',
                   random_state=1463, solver='lbfgs', tol=0.0001, verbose=0,
                   warm_start=False)
2022-09-03 10:46:47,123:INFO:create_model() succesfully completed......................................
2022-09-03 10:46:47,199:INFO:SubProcess create_model() end ==================================
2022-09-03 10:46:47,199:INFO:Creating metrics dataframe
2022-09-03 10:46:47,206:INFO:Initializing K Neighbors Classifier
2022-09-03 10:46:47,206:INFO:Total runtime is 0.06436287959416707 minutes
2022-09-03 10:46:47,209:INFO:SubProcess create_model() called ==================================
2022-09-03 10:46:47,209:INFO:Initializing create_model()
2022-09-03 10:46:47,210:INFO:create_model(estimator=knn, fold=StratifiedKFold(n_splits=10, random_state=None, shuffle=False), round=4, cross_validation=True, predict=True, fit_kwargs={}, groups=None, refit=False, verbose=False, system=False, metrics=None, experiment_custom_tags=None, add_to_model_list=True, probability_threshold=None, display=<pycaret.internal.Display.Display object at 0x7fb412a6b790>, return_train_score=False, kwargs={})
2022-09-03 10:46:47,210:INFO:Checking exceptions
2022-09-03 10:46:47,210:INFO:Importing libraries
2022-09-03 10:46:47,210:INFO:Copying training dataset
2022-09-03 10:46:47,210:INFO:Defining folds
2022-09-03 10:46:47,210:INFO:Declaring metric variables
2022-09-03 10:46:47,213:INFO:Importing untrained model
2022-09-03 10:46:47,217:INFO:K Neighbors Classifier Imported succesfully
2022-09-03 10:46:47,223:INFO:Starting cross validation
2022-09-03 10:46:47,223:INFO:Cross validating with StratifiedKFold(n_splits=10, random_state=None, shuffle=False), n_jobs=-1
2022-09-03 10:46:49,616:INFO:Calculating mean and std
2022-09-03 10:46:49,616:INFO:Creating metrics dataframe
2022-09-03 10:46:49,622:INFO:Uploading results into container
2022-09-03 10:46:49,622:INFO:Uploading model into container now
2022-09-03 10:46:49,622:INFO:create_model_container: 2
2022-09-03 10:46:49,622:INFO:master_model_container: 2
2022-09-03 10:46:49,622:INFO:display_container: 2
2022-09-03 10:46:49,623:INFO:KNeighborsClassifier(algorithm='auto', leaf_size=30, metric='minkowski',
                     metric_params=None, n_jobs=-1, n_neighbors=5, p=2,
                     weights='uniform')
2022-09-03 10:46:49,623:INFO:create_model() succesfully completed......................................
2022-09-03 10:46:49,683:INFO:SubProcess create_model() end ==================================
2022-09-03 10:46:49,684:INFO:Creating metrics dataframe
2022-09-03 10:46:49,692:INFO:Initializing Naive Bayes
2022-09-03 10:46:49,692:INFO:Total runtime is 0.10579555034637451 minutes
2022-09-03 10:46:49,695:INFO:SubProcess create_model() called ==================================
2022-09-03 10:46:49,695:INFO:Initializing create_model()
2022-09-03 10:46:49,695:INFO:create_model(estimator=nb, fold=StratifiedKFold(n_splits=10, random_state=None, shuffle=False), round=4, cross_validation=True, predict=True, fit_kwargs={}, groups=None, refit=False, verbose=False, system=False, metrics=None, experiment_custom_tags=None, add_to_model_list=True, probability_threshold=None, display=<pycaret.internal.Display.Display object at 0x7fb412a6b790>, return_train_score=False, kwargs={})
2022-09-03 10:46:49,695:INFO:Checking exceptions
2022-09-03 10:46:49,696:INFO:Importing libraries
2022-09-03 10:46:49,696:INFO:Copying training dataset
2022-09-03 10:46:49,696:INFO:Defining folds
2022-09-03 10:46:49,696:INFO:Declaring metric variables
2022-09-03 10:46:49,699:INFO:Importing untrained model
2022-09-03 10:46:49,702:INFO:Naive Bayes Imported succesfully
2022-09-03 10:46:49,709:INFO:Starting cross validation
2022-09-03 10:46:49,709:INFO:Cross validating with StratifiedKFold(n_splits=10, random_state=None, shuffle=False), n_jobs=-1
2022-09-03 10:46:49,758:INFO:Calculating mean and std
2022-09-03 10:46:49,758:INFO:Creating metrics dataframe
2022-09-03 10:46:49,764:INFO:Uploading results into container
2022-09-03 10:46:49,764:INFO:Uploading model into container now
2022-09-03 10:46:49,764:INFO:create_model_container: 3
2022-09-03 10:46:49,764:INFO:master_model_container: 3
2022-09-03 10:46:49,764:INFO:display_container: 2
2022-09-03 10:46:49,765:INFO:GaussianNB(priors=None, var_smoothing=1e-09)
2022-09-03 10:46:49,765:INFO:create_model() succesfully completed......................................
2022-09-03 10:46:49,823:INFO:SubProcess create_model() end ==================================
2022-09-03 10:46:49,823:INFO:Creating metrics dataframe
2022-09-03 10:46:49,831:INFO:Initializing Decision Tree Classifier
2022-09-03 10:46:49,831:INFO:Total runtime is 0.10811490615208943 minutes
2022-09-03 10:46:49,834:INFO:SubProcess create_model() called ==================================
2022-09-03 10:46:49,834:INFO:Initializing create_model()
2022-09-03 10:46:49,835:INFO:create_model(estimator=dt, fold=StratifiedKFold(n_splits=10, random_state=None, shuffle=False), round=4, cross_validation=True, predict=True, fit_kwargs={}, groups=None, refit=False, verbose=False, system=False, metrics=None, experiment_custom_tags=None, add_to_model_list=True, probability_threshold=None, display=<pycaret.internal.Display.Display object at 0x7fb412a6b790>, return_train_score=False, kwargs={})
2022-09-03 10:46:49,835:INFO:Checking exceptions
2022-09-03 10:46:49,835:INFO:Importing libraries
2022-09-03 10:46:49,835:INFO:Copying training dataset
2022-09-03 10:46:49,835:INFO:Defining folds
2022-09-03 10:46:49,835:INFO:Declaring metric variables
2022-09-03 10:46:49,838:INFO:Importing untrained model
2022-09-03 10:46:49,842:INFO:Decision Tree Classifier Imported succesfully
2022-09-03 10:46:49,848:INFO:Starting cross validation
2022-09-03 10:46:49,849:INFO:Cross validating with StratifiedKFold(n_splits=10, random_state=None, shuffle=False), n_jobs=-1
2022-09-03 10:46:49,915:INFO:Calculating mean and std
2022-09-03 10:46:49,915:INFO:Creating metrics dataframe
2022-09-03 10:46:49,921:INFO:Uploading results into container
2022-09-03 10:46:49,921:INFO:Uploading model into container now
2022-09-03 10:46:49,921:INFO:create_model_container: 4
2022-09-03 10:46:49,921:INFO:master_model_container: 4
2022-09-03 10:46:49,921:INFO:display_container: 2
2022-09-03 10:46:49,922:INFO:DecisionTreeClassifier(ccp_alpha=0.0, class_weight=None, criterion='gini',
                       max_depth=None, max_features=None, max_leaf_nodes=None,
                       min_impurity_decrease=0.0, min_impurity_split=None,
                       min_samples_leaf=1, min_samples_split=2,
                       min_weight_fraction_leaf=0.0, presort='deprecated',
                       random_state=1463, splitter='best')
2022-09-03 10:46:49,922:INFO:create_model() succesfully completed......................................
2022-09-03 10:46:49,983:INFO:SubProcess create_model() end ==================================
2022-09-03 10:46:49,984:INFO:Creating metrics dataframe
2022-09-03 10:46:49,992:INFO:Initializing SVM - Linear Kernel
2022-09-03 10:46:49,992:INFO:Total runtime is 0.1107960025469462 minutes
2022-09-03 10:46:49,995:INFO:SubProcess create_model() called ==================================
2022-09-03 10:46:49,995:INFO:Initializing create_model()
2022-09-03 10:46:49,995:INFO:create_model(estimator=svm, fold=StratifiedKFold(n_splits=10, random_state=None, shuffle=False), round=4, cross_validation=True, predict=True, fit_kwargs={}, groups=None, refit=False, verbose=False, system=False, metrics=None, experiment_custom_tags=None, add_to_model_list=True, probability_threshold=None, display=<pycaret.internal.Display.Display object at 0x7fb412a6b790>, return_train_score=False, kwargs={})
2022-09-03 10:46:49,996:INFO:Checking exceptions
2022-09-03 10:46:49,996:INFO:Importing libraries
2022-09-03 10:46:49,996:INFO:Copying training dataset
2022-09-03 10:46:49,996:INFO:Defining folds
2022-09-03 10:46:49,996:INFO:Declaring metric variables
2022-09-03 10:46:49,999:INFO:Importing untrained model
2022-09-03 10:46:50,003:INFO:SVM - Linear Kernel Imported succesfully
2022-09-03 10:46:50,010:INFO:Starting cross validation
2022-09-03 10:46:50,011:INFO:Cross validating with StratifiedKFold(n_splits=10, random_state=None, shuffle=False), n_jobs=-1
2022-09-03 10:46:50,078:INFO:Calculating mean and std
2022-09-03 10:46:50,079:INFO:Creating metrics dataframe
2022-09-03 10:46:50,085:INFO:Uploading results into container
2022-09-03 10:46:50,085:INFO:Uploading model into container now
2022-09-03 10:46:50,085:INFO:create_model_container: 5
2022-09-03 10:46:50,085:INFO:master_model_container: 5
2022-09-03 10:46:50,085:INFO:display_container: 2
2022-09-03 10:46:50,086:INFO:SGDClassifier(alpha=0.0001, average=False, class_weight=None,
              early_stopping=False, epsilon=0.1, eta0=0.001, fit_intercept=True,
              l1_ratio=0.15, learning_rate='optimal', loss='hinge',
              max_iter=1000, n_iter_no_change=5, n_jobs=-1, penalty='l2',
              power_t=0.5, random_state=1463, shuffle=True, tol=0.001,
              validation_fraction=0.1, verbose=0, warm_start=False)
2022-09-03 10:46:50,086:INFO:create_model() succesfully completed......................................
2022-09-03 10:46:50,151:INFO:SubProcess create_model() end ==================================
2022-09-03 10:46:50,152:INFO:Creating metrics dataframe
2022-09-03 10:46:50,160:INFO:Initializing Ridge Classifier
2022-09-03 10:46:50,160:INFO:Total runtime is 0.11359520355860392 minutes
2022-09-03 10:46:50,163:INFO:SubProcess create_model() called ==================================
2022-09-03 10:46:50,163:INFO:Initializing create_model()
2022-09-03 10:46:50,164:INFO:create_model(estimator=ridge, fold=StratifiedKFold(n_splits=10, random_state=None, shuffle=False), round=4, cross_validation=True, predict=True, fit_kwargs={}, groups=None, refit=False, verbose=False, system=False, metrics=None, experiment_custom_tags=None, add_to_model_list=True, probability_threshold=None, display=<pycaret.internal.Display.Display object at 0x7fb412a6b790>, return_train_score=False, kwargs={})
2022-09-03 10:46:50,164:INFO:Checking exceptions
2022-09-03 10:46:50,164:INFO:Importing libraries
2022-09-03 10:46:50,164:INFO:Copying training dataset
2022-09-03 10:46:50,164:INFO:Defining folds
2022-09-03 10:46:50,164:INFO:Declaring metric variables
2022-09-03 10:46:50,168:INFO:Importing untrained model
2022-09-03 10:46:50,171:INFO:Ridge Classifier Imported succesfully
2022-09-03 10:46:50,177:INFO:Starting cross validation
2022-09-03 10:46:50,178:INFO:Cross validating with StratifiedKFold(n_splits=10, random_state=None, shuffle=False), n_jobs=-1
2022-09-03 10:46:50,233:INFO:Calculating mean and std
2022-09-03 10:46:50,234:INFO:Creating metrics dataframe
2022-09-03 10:46:50,239:INFO:Uploading results into container
2022-09-03 10:46:50,239:INFO:Uploading model into container now
2022-09-03 10:46:50,239:INFO:create_model_container: 6
2022-09-03 10:46:50,239:INFO:master_model_container: 6
2022-09-03 10:46:50,240:INFO:display_container: 2
2022-09-03 10:46:50,240:INFO:RidgeClassifier(alpha=1.0, class_weight=None, copy_X=True, fit_intercept=True,
                max_iter=None, normalize=False, random_state=1463,
                solver='auto', tol=0.001)
2022-09-03 10:46:50,240:INFO:create_model() succesfully completed......................................
2022-09-03 10:46:50,301:INFO:SubProcess create_model() end ==================================
2022-09-03 10:46:50,302:INFO:Creating metrics dataframe
2022-09-03 10:46:50,310:INFO:Initializing Random Forest Classifier
2022-09-03 10:46:50,310:INFO:Total runtime is 0.11609527269999186 minutes
2022-09-03 10:46:50,313:INFO:SubProcess create_model() called ==================================
2022-09-03 10:46:50,313:INFO:Initializing create_model()
2022-09-03 10:46:50,313:INFO:create_model(estimator=rf, fold=StratifiedKFold(n_splits=10, random_state=None, shuffle=False), round=4, cross_validation=True, predict=True, fit_kwargs={}, groups=None, refit=False, verbose=False, system=False, metrics=None, experiment_custom_tags=None, add_to_model_list=True, probability_threshold=None, display=<pycaret.internal.Display.Display object at 0x7fb412a6b790>, return_train_score=False, kwargs={})
2022-09-03 10:46:50,313:INFO:Checking exceptions
2022-09-03 10:46:50,314:INFO:Importing libraries
2022-09-03 10:46:50,314:INFO:Copying training dataset
2022-09-03 10:46:50,314:INFO:Defining folds
2022-09-03 10:46:50,314:INFO:Declaring metric variables
2022-09-03 10:46:50,317:INFO:Importing untrained model
2022-09-03 10:46:50,321:INFO:Random Forest Classifier Imported succesfully
2022-09-03 10:46:50,327:INFO:Starting cross validation
2022-09-03 10:46:50,327:INFO:Cross validating with StratifiedKFold(n_splits=10, random_state=None, shuffle=False), n_jobs=-1
2022-09-03 10:46:51,413:INFO:Calculating mean and std
2022-09-03 10:46:51,414:INFO:Creating metrics dataframe
2022-09-03 10:46:51,423:INFO:Uploading results into container
2022-09-03 10:46:51,423:INFO:Uploading model into container now
2022-09-03 10:46:51,423:INFO:create_model_container: 7
2022-09-03 10:46:51,423:INFO:master_model_container: 7
2022-09-03 10:46:51,423:INFO:display_container: 2
2022-09-03 10:46:51,424:INFO:RandomForestClassifier(bootstrap=True, ccp_alpha=0.0, class_weight=None,
                       criterion='gini', max_depth=None, max_features='auto',
                       max_leaf_nodes=None, max_samples=None,
                       min_impurity_decrease=0.0, min_impurity_split=None,
                       min_samples_leaf=1, min_samples_split=2,
                       min_weight_fraction_leaf=0.0, n_estimators=100,
                       n_jobs=-1, oob_score=False, random_state=1463, verbose=0,
                       warm_start=False)
2022-09-03 10:46:51,424:INFO:create_model() succesfully completed......................................
2022-09-03 10:46:51,488:INFO:SubProcess create_model() end ==================================
2022-09-03 10:46:51,488:INFO:Creating metrics dataframe
2022-09-03 10:46:51,496:INFO:Initializing Quadratic Discriminant Analysis
2022-09-03 10:46:51,496:INFO:Total runtime is 0.13586994806925456 minutes
2022-09-03 10:46:51,500:INFO:SubProcess create_model() called ==================================
2022-09-03 10:46:51,500:INFO:Initializing create_model()
2022-09-03 10:46:51,500:INFO:create_model(estimator=qda, fold=StratifiedKFold(n_splits=10, random_state=None, shuffle=False), round=4, cross_validation=True, predict=True, fit_kwargs={}, groups=None, refit=False, verbose=False, system=False, metrics=None, experiment_custom_tags=None, add_to_model_list=True, probability_threshold=None, display=<pycaret.internal.Display.Display object at 0x7fb412a6b790>, return_train_score=False, kwargs={})
2022-09-03 10:46:51,500:INFO:Checking exceptions
2022-09-03 10:46:51,500:INFO:Importing libraries
2022-09-03 10:46:51,500:INFO:Copying training dataset
2022-09-03 10:46:51,500:INFO:Defining folds
2022-09-03 10:46:51,500:INFO:Declaring metric variables
2022-09-03 10:46:51,504:INFO:Importing untrained model
2022-09-03 10:46:51,507:INFO:Quadratic Discriminant Analysis Imported succesfully
2022-09-03 10:46:51,513:INFO:Starting cross validation
2022-09-03 10:46:51,514:INFO:Cross validating with StratifiedKFold(n_splits=10, random_state=None, shuffle=False), n_jobs=-1
2022-09-03 10:46:51,569:INFO:Calculating mean and std
2022-09-03 10:46:51,570:INFO:Creating metrics dataframe
2022-09-03 10:46:51,576:INFO:Uploading results into container
2022-09-03 10:46:51,576:INFO:Uploading model into container now
2022-09-03 10:46:51,576:INFO:create_model_container: 8
2022-09-03 10:46:51,576:INFO:master_model_container: 8
2022-09-03 10:46:51,576:INFO:display_container: 2
2022-09-03 10:46:51,576:INFO:QuadraticDiscriminantAnalysis(priors=None, reg_param=0.0,
                              store_covariance=False, tol=0.0001)
2022-09-03 10:46:51,576:INFO:create_model() succesfully completed......................................
2022-09-03 10:46:51,634:INFO:SubProcess create_model() end ==================================
2022-09-03 10:46:51,634:INFO:Creating metrics dataframe
2022-09-03 10:46:51,642:INFO:Initializing Ada Boost Classifier
2022-09-03 10:46:51,643:INFO:Total runtime is 0.1383079449335734 minutes
2022-09-03 10:46:51,646:INFO:SubProcess create_model() called ==================================
2022-09-03 10:46:51,646:INFO:Initializing create_model()
2022-09-03 10:46:51,646:INFO:create_model(estimator=ada, fold=StratifiedKFold(n_splits=10, random_state=None, shuffle=False), round=4, cross_validation=True, predict=True, fit_kwargs={}, groups=None, refit=False, verbose=False, system=False, metrics=None, experiment_custom_tags=None, add_to_model_list=True, probability_threshold=None, display=<pycaret.internal.Display.Display object at 0x7fb412a6b790>, return_train_score=False, kwargs={})
2022-09-03 10:46:51,646:INFO:Checking exceptions
2022-09-03 10:46:51,646:INFO:Importing libraries
2022-09-03 10:46:51,646:INFO:Copying training dataset
2022-09-03 10:46:51,647:INFO:Defining folds
2022-09-03 10:46:51,647:INFO:Declaring metric variables
2022-09-03 10:46:51,650:INFO:Importing untrained model
2022-09-03 10:46:51,653:INFO:Ada Boost Classifier Imported succesfully
2022-09-03 10:46:51,659:INFO:Starting cross validation
2022-09-03 10:46:51,660:INFO:Cross validating with StratifiedKFold(n_splits=10, random_state=None, shuffle=False), n_jobs=-1
2022-09-03 10:46:51,917:INFO:Calculating mean and std
2022-09-03 10:46:51,918:INFO:Creating metrics dataframe
2022-09-03 10:46:51,923:INFO:Uploading results into container
2022-09-03 10:46:51,923:INFO:Uploading model into container now
2022-09-03 10:46:51,923:INFO:create_model_container: 9
2022-09-03 10:46:51,923:INFO:master_model_container: 9
2022-09-03 10:46:51,923:INFO:display_container: 2
2022-09-03 10:46:51,924:INFO:AdaBoostClassifier(algorithm='SAMME.R', base_estimator=None, learning_rate=1.0,
                   n_estimators=50, random_state=1463)
2022-09-03 10:46:51,924:INFO:create_model() succesfully completed......................................
2022-09-03 10:46:51,986:INFO:SubProcess create_model() end ==================================
2022-09-03 10:46:51,986:INFO:Creating metrics dataframe
2022-09-03 10:46:51,994:INFO:Initializing Gradient Boosting Classifier
2022-09-03 10:46:51,994:INFO:Total runtime is 0.14416859149932862 minutes
2022-09-03 10:46:51,997:INFO:SubProcess create_model() called ==================================
2022-09-03 10:46:51,998:INFO:Initializing create_model()
2022-09-03 10:46:51,998:INFO:create_model(estimator=gbc, fold=StratifiedKFold(n_splits=10, random_state=None, shuffle=False), round=4, cross_validation=True, predict=True, fit_kwargs={}, groups=None, refit=False, verbose=False, system=False, metrics=None, experiment_custom_tags=None, add_to_model_list=True, probability_threshold=None, display=<pycaret.internal.Display.Display object at 0x7fb412a6b790>, return_train_score=False, kwargs={})
2022-09-03 10:46:51,998:INFO:Checking exceptions
2022-09-03 10:46:51,998:INFO:Importing libraries
2022-09-03 10:46:51,998:INFO:Copying training dataset
2022-09-03 10:46:51,998:INFO:Defining folds
2022-09-03 10:46:51,998:INFO:Declaring metric variables
2022-09-03 10:46:52,001:INFO:Importing untrained model
2022-09-03 10:46:52,005:INFO:Gradient Boosting Classifier Imported succesfully
2022-09-03 10:46:52,011:INFO:Starting cross validation
2022-09-03 10:46:52,011:INFO:Cross validating with StratifiedKFold(n_splits=10, random_state=None, shuffle=False), n_jobs=-1
2022-09-03 10:46:52,301:INFO:Calculating mean and std
2022-09-03 10:46:52,302:INFO:Creating metrics dataframe
2022-09-03 10:46:52,307:INFO:Uploading results into container
2022-09-03 10:46:52,308:INFO:Uploading model into container now
2022-09-03 10:46:52,308:INFO:create_model_container: 10
2022-09-03 10:46:52,308:INFO:master_model_container: 10
2022-09-03 10:46:52,308:INFO:display_container: 2
2022-09-03 10:46:52,308:INFO:GradientBoostingClassifier(ccp_alpha=0.0, criterion='friedman_mse', init=None,
                           learning_rate=0.1, loss='deviance', max_depth=3,
                           max_features=None, max_leaf_nodes=None,
                           min_impurity_decrease=0.0, min_impurity_split=None,
                           min_samples_leaf=1, min_samples_split=2,
                           min_weight_fraction_leaf=0.0, n_estimators=100,
                           n_iter_no_change=None, presort='deprecated',
                           random_state=1463, subsample=1.0, tol=0.0001,
                           validation_fraction=0.1, verbose=0,
                           warm_start=False)
2022-09-03 10:46:52,308:INFO:create_model() succesfully completed......................................
2022-09-03 10:46:52,370:INFO:SubProcess create_model() end ==================================
2022-09-03 10:46:52,370:INFO:Creating metrics dataframe
2022-09-03 10:46:52,378:INFO:Initializing Linear Discriminant Analysis
2022-09-03 10:46:52,378:INFO:Total runtime is 0.1505642334620158 minutes
2022-09-03 10:46:52,381:INFO:SubProcess create_model() called ==================================
2022-09-03 10:46:52,381:INFO:Initializing create_model()
2022-09-03 10:46:52,381:INFO:create_model(estimator=lda, fold=StratifiedKFold(n_splits=10, random_state=None, shuffle=False), round=4, cross_validation=True, predict=True, fit_kwargs={}, groups=None, refit=False, verbose=False, system=False, metrics=None, experiment_custom_tags=None, add_to_model_list=True, probability_threshold=None, display=<pycaret.internal.Display.Display object at 0x7fb412a6b790>, return_train_score=False, kwargs={})
2022-09-03 10:46:52,381:INFO:Checking exceptions
2022-09-03 10:46:52,382:INFO:Importing libraries
2022-09-03 10:46:52,382:INFO:Copying training dataset
2022-09-03 10:46:52,382:INFO:Defining folds
2022-09-03 10:46:52,382:INFO:Declaring metric variables
2022-09-03 10:46:52,385:INFO:Importing untrained model
2022-09-03 10:46:52,388:INFO:Linear Discriminant Analysis Imported succesfully
2022-09-03 10:46:52,394:INFO:Starting cross validation
2022-09-03 10:46:52,395:INFO:Cross validating with StratifiedKFold(n_splits=10, random_state=None, shuffle=False), n_jobs=-1
2022-09-03 10:46:52,445:INFO:Calculating mean and std
2022-09-03 10:46:52,445:INFO:Creating metrics dataframe
2022-09-03 10:46:52,451:INFO:Uploading results into container
2022-09-03 10:46:52,451:INFO:Uploading model into container now
2022-09-03 10:46:52,451:INFO:create_model_container: 11
2022-09-03 10:46:52,451:INFO:master_model_container: 11
2022-09-03 10:46:52,451:INFO:display_container: 2
2022-09-03 10:46:52,451:INFO:LinearDiscriminantAnalysis(n_components=None, priors=None, shrinkage=None,
                           solver='svd', store_covariance=False, tol=0.0001)
2022-09-03 10:46:52,451:INFO:create_model() succesfully completed......................................
2022-09-03 10:46:52,513:INFO:SubProcess create_model() end ==================================
2022-09-03 10:46:52,513:INFO:Creating metrics dataframe
2022-09-03 10:46:52,521:INFO:Initializing Extra Trees Classifier
2022-09-03 10:46:52,521:INFO:Total runtime is 0.1529539704322815 minutes
2022-09-03 10:46:52,524:INFO:SubProcess create_model() called ==================================
2022-09-03 10:46:52,525:INFO:Initializing create_model()
2022-09-03 10:46:52,525:INFO:create_model(estimator=et, fold=StratifiedKFold(n_splits=10, random_state=None, shuffle=False), round=4, cross_validation=True, predict=True, fit_kwargs={}, groups=None, refit=False, verbose=False, system=False, metrics=None, experiment_custom_tags=None, add_to_model_list=True, probability_threshold=None, display=<pycaret.internal.Display.Display object at 0x7fb412a6b790>, return_train_score=False, kwargs={})
2022-09-03 10:46:52,525:INFO:Checking exceptions
2022-09-03 10:46:52,525:INFO:Importing libraries
2022-09-03 10:46:52,525:INFO:Copying training dataset
2022-09-03 10:46:52,525:INFO:Defining folds
2022-09-03 10:46:52,525:INFO:Declaring metric variables
2022-09-03 10:46:52,528:INFO:Importing untrained model
2022-09-03 10:46:52,532:INFO:Extra Trees Classifier Imported succesfully
2022-09-03 10:46:52,538:INFO:Starting cross validation
2022-09-03 10:46:52,539:INFO:Cross validating with StratifiedKFold(n_splits=10, random_state=None, shuffle=False), n_jobs=-1
2022-09-03 10:46:53,609:INFO:Calculating mean and std
2022-09-03 10:46:53,610:INFO:Creating metrics dataframe
2022-09-03 10:46:53,616:INFO:Uploading results into container
2022-09-03 10:46:53,616:INFO:Uploading model into container now
2022-09-03 10:46:53,616:INFO:create_model_container: 12
2022-09-03 10:46:53,616:INFO:master_model_container: 12
2022-09-03 10:46:53,616:INFO:display_container: 2
2022-09-03 10:46:53,616:INFO:ExtraTreesClassifier(bootstrap=False, ccp_alpha=0.0, class_weight=None,
                     criterion='gini', max_depth=None, max_features='auto',
                     max_leaf_nodes=None, max_samples=None,
                     min_impurity_decrease=0.0, min_impurity_split=None,
                     min_samples_leaf=1, min_samples_split=2,
                     min_weight_fraction_leaf=0.0, n_estimators=100, n_jobs=-1,
                     oob_score=False, random_state=1463, verbose=0,
                     warm_start=False)
2022-09-03 10:46:53,616:INFO:create_model() succesfully completed......................................
2022-09-03 10:46:53,674:INFO:SubProcess create_model() end ==================================
2022-09-03 10:46:53,674:INFO:Creating metrics dataframe
2022-09-03 10:46:53,682:INFO:Initializing Light Gradient Boosting Machine
2022-09-03 10:46:53,682:INFO:Total runtime is 0.172295884291331 minutes
2022-09-03 10:46:53,685:INFO:SubProcess create_model() called ==================================
2022-09-03 10:46:53,685:INFO:Initializing create_model()
2022-09-03 10:46:53,685:INFO:create_model(estimator=lightgbm, fold=StratifiedKFold(n_splits=10, random_state=None, shuffle=False), round=4, cross_validation=True, predict=True, fit_kwargs={}, groups=None, refit=False, verbose=False, system=False, metrics=None, experiment_custom_tags=None, add_to_model_list=True, probability_threshold=None, display=<pycaret.internal.Display.Display object at 0x7fb412a6b790>, return_train_score=False, kwargs={})
2022-09-03 10:46:53,685:INFO:Checking exceptions
2022-09-03 10:46:53,685:INFO:Importing libraries
2022-09-03 10:46:53,686:INFO:Copying training dataset
2022-09-03 10:46:53,686:INFO:Defining folds
2022-09-03 10:46:53,686:INFO:Declaring metric variables
2022-09-03 10:46:53,689:INFO:Importing untrained model
2022-09-03 10:46:53,692:INFO:Light Gradient Boosting Machine Imported succesfully
2022-09-03 10:46:53,699:INFO:Starting cross validation
2022-09-03 10:46:53,699:INFO:Cross validating with StratifiedKFold(n_splits=10, random_state=None, shuffle=False), n_jobs=-1
2022-09-03 10:46:53,837:INFO:Calculating mean and std
2022-09-03 10:46:53,838:INFO:Creating metrics dataframe
2022-09-03 10:46:53,844:INFO:Uploading results into container
2022-09-03 10:46:53,844:INFO:Uploading model into container now
2022-09-03 10:46:53,844:INFO:create_model_container: 13
2022-09-03 10:46:53,844:INFO:master_model_container: 13
2022-09-03 10:46:53,844:INFO:display_container: 2
2022-09-03 10:46:53,844:INFO:LGBMClassifier(boosting_type='gbdt', class_weight=None, colsample_bytree=1.0,
               importance_type='split', learning_rate=0.1, max_depth=-1,
               min_child_samples=20, min_child_weight=0.001, min_split_gain=0.0,
               n_estimators=100, n_jobs=-1, num_leaves=31, objective=None,
               random_state=1463, reg_alpha=0.0, reg_lambda=0.0, silent='warn',
               subsample=1.0, subsample_for_bin=200000, subsample_freq=0)
2022-09-03 10:46:53,844:INFO:create_model() succesfully completed......................................
2022-09-03 10:46:53,905:INFO:SubProcess create_model() end ==================================
2022-09-03 10:46:53,905:INFO:Creating metrics dataframe
2022-09-03 10:46:53,913:INFO:Initializing Dummy Classifier
2022-09-03 10:46:53,913:INFO:Total runtime is 0.1761547644933065 minutes
2022-09-03 10:46:53,917:INFO:SubProcess create_model() called ==================================
2022-09-03 10:46:53,917:INFO:Initializing create_model()
2022-09-03 10:46:53,917:INFO:create_model(estimator=dummy, fold=StratifiedKFold(n_splits=10, random_state=None, shuffle=False), round=4, cross_validation=True, predict=True, fit_kwargs={}, groups=None, refit=False, verbose=False, system=False, metrics=None, experiment_custom_tags=None, add_to_model_list=True, probability_threshold=None, display=<pycaret.internal.Display.Display object at 0x7fb412a6b790>, return_train_score=False, kwargs={})
2022-09-03 10:46:53,917:INFO:Checking exceptions
2022-09-03 10:46:53,917:INFO:Importing libraries
2022-09-03 10:46:53,917:INFO:Copying training dataset
2022-09-03 10:46:53,917:INFO:Defining folds
2022-09-03 10:46:53,917:INFO:Declaring metric variables
2022-09-03 10:46:53,921:INFO:Importing untrained model
2022-09-03 10:46:53,924:INFO:Dummy Classifier Imported succesfully
2022-09-03 10:46:53,930:INFO:Starting cross validation
2022-09-03 10:46:53,930:INFO:Cross validating with StratifiedKFold(n_splits=10, random_state=None, shuffle=False), n_jobs=-1
2022-09-03 10:46:53,973:INFO:Calculating mean and std
2022-09-03 10:46:53,974:INFO:Creating metrics dataframe
2022-09-03 10:46:53,979:INFO:Uploading results into container
2022-09-03 10:46:53,979:INFO:Uploading model into container now
2022-09-03 10:46:53,979:INFO:create_model_container: 14
2022-09-03 10:46:53,980:INFO:master_model_container: 14
2022-09-03 10:46:53,980:INFO:display_container: 2
2022-09-03 10:46:53,980:INFO:DummyClassifier(constant=None, random_state=1463, strategy='prior')
2022-09-03 10:46:53,980:INFO:create_model() succesfully completed......................................
2022-09-03 10:46:54,038:INFO:SubProcess create_model() end ==================================
2022-09-03 10:46:54,038:INFO:Creating metrics dataframe
2022-09-03 10:46:54,055:INFO:Initializing create_model()
2022-09-03 10:46:54,055:INFO:create_model(estimator=LogisticRegression(C=1.0, class_weight=None, dual=False, fit_intercept=True,
                   intercept_scaling=1, l1_ratio=None, max_iter=1000,
                   multi_class='auto', n_jobs=None, penalty='l2',
                   random_state=1463, solver='lbfgs', tol=0.0001, verbose=0,
                   warm_start=False), fold=StratifiedKFold(n_splits=10, random_state=None, shuffle=False), round=4, cross_validation=False, predict=False, fit_kwargs={}, groups=None, refit=True, verbose=False, system=False, metrics=None, experiment_custom_tags=None, add_to_model_list=True, probability_threshold=None, display=None, return_train_score=False, kwargs={})
2022-09-03 10:46:54,055:INFO:Checking exceptions
2022-09-03 10:46:54,055:INFO:Importing libraries
2022-09-03 10:46:54,055:INFO:Copying training dataset
2022-09-03 10:46:54,055:INFO:Defining folds
2022-09-03 10:46:54,055:INFO:Declaring metric variables
2022-09-03 10:46:54,055:INFO:Importing untrained model
2022-09-03 10:46:54,055:INFO:Declaring custom model
2022-09-03 10:46:54,056:INFO:Logistic Regression Imported succesfully
2022-09-03 10:46:54,056:INFO:Cross validation set to False
2022-09-03 10:46:54,056:INFO:Fitting Model
2022-09-03 10:46:54,778:INFO:LogisticRegression(C=1.0, class_weight=None, dual=False, fit_intercept=True,
                   intercept_scaling=1, l1_ratio=None, max_iter=1000,
                   multi_class='auto', n_jobs=None, penalty='l2',
                   random_state=1463, solver='lbfgs', tol=0.0001, verbose=0,
                   warm_start=False)
2022-09-03 10:46:54,778:INFO:create_models() succesfully completed......................................
2022-09-03 10:46:54,883:INFO:create_model_container: 14
2022-09-03 10:46:54,883:INFO:master_model_container: 14
2022-09-03 10:46:54,883:INFO:display_container: 2
2022-09-03 10:46:54,884:INFO:LogisticRegression(C=1.0, class_weight=None, dual=False, fit_intercept=True,
                   intercept_scaling=1, l1_ratio=None, max_iter=1000,
                   multi_class='auto', n_jobs=None, penalty='l2',
                   random_state=1463, solver='lbfgs', tol=0.0001, verbose=0,
                   warm_start=False)
2022-09-03 10:46:54,884:INFO:compare_models() succesfully completed......................................
